

Started GET "/" for 127.0.0.1 at 2016-04-30 03:03:01 -0500
Processing by Rails::WelcomeController#index as HTML
  Rendered C:/Ruby/lib/ruby/gems/2.2.0/gems/railties-4.2.6/lib/rails/templates/rails/welcome/index.html.erb (2.0ms)
Completed 200 OK in 24ms (Views: 17.4ms | ActiveRecord: 0.0ms)
  [1m[36m (9.0ms)[0m  [1mCREATE TABLE "schema_migrations" ("version" varchar NOT NULL) [0m
  [1m[35m (0.0ms)[0m  select sqlite_version(*)
  [1m[36m (4.0ms)[0m  [1mCREATE UNIQUE INDEX "unique_schema_migrations" ON "schema_migrations" ("version")[0m
  [1m[35mActiveRecord::SchemaMigration Load (0.0ms)[0m  SELECT "schema_migrations".* FROM "schema_migrations"
Migrating to CreatePioneers (20160430081608)
  [1m[36m (0.0ms)[0m  [1mbegin transaction[0m
  [1m[35m (0.0ms)[0m  CREATE TABLE "pioneers" ("id" INTEGER PRIMARY KEY AUTOINCREMENT NOT NULL, "first_name" varchar, "last_name" varchar, "created_at" datetime NOT NULL, "updated_at" datetime NOT NULL) 
  [1m[36mSQL (0.0ms)[0m  [1mINSERT INTO "schema_migrations" ("version") VALUES (?)[0m  [["version", "20160430081608"]]
  [1m[35m (4.0ms)[0m  commit transaction
  [1m[36mActiveRecord::SchemaMigration Load (0.0ms)[0m  [1mSELECT "schema_migrations".* FROM "schema_migrations"[0m


Started GET "/" for 127.0.0.1 at 2016-04-30 03:18:41 -0500
  [1m[36mActiveRecord::SchemaMigration Load (0.0ms)[0m  [1mSELECT "schema_migrations".* FROM "schema_migrations"[0m
Processing by Rails::WelcomeController#index as HTML
  Rendered C:/Ruby/lib/ruby/gems/2.2.0/gems/railties-4.2.6/lib/rails/templates/rails/welcome/index.html.erb (2.0ms)
Completed 200 OK in 27ms (Views: 19.3ms | ActiveRecord: 0.0ms)


Started GET "/pioneers" for 127.0.0.1 at 2016-04-30 03:18:54 -0500
Processing by PioneersController#index as HTML
  [1m[35mPioneer Load (0.0ms)[0m  SELECT "pioneers".* FROM "pioneers"
  Rendered pioneers/index.html.erb within layouts/application (3.0ms)
Completed 200 OK in 942ms (Views: 938.9ms | ActiveRecord: 0.0ms)


Started GET "/assets/pioneers.self-e3b0c44298fc1c149afbf4c8996fb92427ae41e4649b934ca495991b7852b855.css?body=1" for 127.0.0.1 at 2016-04-30 03:18:55 -0500


Started GET "/assets/jquery.self-660adc51e0224b731d29f575a6f1ec167ba08ad06ed5deca4f1e8654c135bf4c.js?body=1" for 127.0.0.1 at 2016-04-30 03:18:55 -0500


Started GET "/assets/application.self-e80e8f2318043e8af94dddc2adad5a4f09739a8ebb323b3ab31cd71d45fd9113.css?body=1" for 127.0.0.1 at 2016-04-30 03:18:55 -0500


Started GET "/assets/scaffolds.self-6642bf342eaa38c5fb4453a8deeca994a440c4a1c5a21ff45e2e8dcc72d96ca6.css?body=1" for 127.0.0.1 at 2016-04-30 03:18:55 -0500


Started GET "/assets/turbolinks.self-c37727e9bd6b2735da5c311aa83fead54ed0be6cc8bd9a65309e9c5abe2cbfff.js?body=1" for 127.0.0.1 at 2016-04-30 03:18:55 -0500


Started GET "/assets/jquery_ujs.self-e87806d0cf4489aeb1bb7288016024e8de67fd18db693fe026fe3907581e53cd.js?body=1" for 127.0.0.1 at 2016-04-30 03:18:55 -0500


Started GET "/assets/pioneers.self-877aef30ae1b040ab8a3aba4e3e309a11d7f2612f44dde450b5c157aa5f95c05.js?body=1" for 127.0.0.1 at 2016-04-30 03:18:55 -0500


Started GET "/assets/application.self-3b8dabdc891efe46b9a144b400ad69e37d7e5876bdc39dee783419a69d7ca819.js?body=1" for 127.0.0.1 at 2016-04-30 03:18:55 -0500


Started GET "/pioneers/new" for 127.0.0.1 at 2016-04-30 03:19:05 -0500
Processing by PioneersController#new as HTML
  Rendered pioneers/_form.html.erb (23.0ms)
  Rendered pioneers/new.html.erb within layouts/application (37.0ms)
Completed 200 OK in 106ms (Views: 97.6ms | ActiveRecord: 0.0ms)


Started POST "/pioneers" for 127.0.0.1 at 2016-04-30 03:19:14 -0500
Processing by PioneersController#create as HTML
  Parameters: {"utf8"=>"✓", "authenticity_token"=>"glVMcj0gEhwjHoRmeZodPKzpWEtLguJ7w0UyTiYuIz2W75zrSgQE5p9QqoGUDufdT3Dhs45aH00XZr+D6+mSeQ==", "pioneer"=>{"first_name"=>"Alan", "last_name"=>"Turing"}, "commit"=>"Create Pioneer"}
  [1m[36m (0.0ms)[0m  [1mbegin transaction[0m
  [1m[35mSQL (1.0ms)[0m  INSERT INTO "pioneers" ("first_name", "last_name", "created_at", "updated_at") VALUES (?, ?, ?, ?)  [["first_name", "Alan"], ["last_name", "Turing"], ["created_at", "2016-04-30 08:19:14.420739"], ["updated_at", "2016-04-30 08:19:14.420739"]]
  [1m[36m (4.0ms)[0m  [1mcommit transaction[0m
Redirected to http://localhost:3000/pioneers/1
Completed 302 Found in 16ms (ActiveRecord: 5.0ms)


Started GET "/pioneers/1" for 127.0.0.1 at 2016-04-30 03:19:14 -0500
Processing by PioneersController#show as HTML
  Parameters: {"id"=>"1"}
  [1m[35mPioneer Load (0.0ms)[0m  SELECT  "pioneers".* FROM "pioneers" WHERE "pioneers"."id" = ? LIMIT 1  [["id", 1]]
  Rendered pioneers/show.html.erb within layouts/application (1.0ms)
Completed 200 OK in 64ms (Views: 52.2ms | ActiveRecord: 0.0ms)


Started GET "/pioneers" for 127.0.0.1 at 2016-04-30 03:19:17 -0500
Processing by PioneersController#index as HTML
  [1m[36mPioneer Load (0.0ms)[0m  [1mSELECT "pioneers".* FROM "pioneers"[0m
  Rendered pioneers/index.html.erb within layouts/application (5.0ms)
Completed 200 OK in 88ms (Views: 87.8ms | ActiveRecord: 0.0ms)
